<?xml version="1.0" encoding="UTF-8"?>
<!-- Generated by org.testng.reporters.JUnitXMLReporter -->
<testsuite hostname="cibweb05.standardbank.co.za" ignored="0" tests="7" failures="0" timestamp="2023-04-21T14:17:37 SAST" time="9.239" errors="0">
  <testcase name="healthCheck" time="3.048" classname="policiesapi"/>
  <testcase name="NoAuthorisation" time="0.316" classname="policiesapi"/>
  <testcase name="login" time="1.013" classname="policiesapi"/>
  <testcase name="tokenrequest" time="1.461" classname="policiesapi"/>
  <testcase name="CustomerNoPolicies" time="1.524" classname="policiesapi"/>
  <testcase name="CustomerWithPoliciesinMaven" time="0.942" classname="policiesapi"/>
  <testcase name="Passport" time="0.801" classname="policiesapi"/>
</testsuite>
