<?xml version="1.0" encoding="UTF-8"?>
<testsuite xmlns:xsi="http://www.w3.org/2001/XMLSchema-instance" xsi:noNamespaceSchemaLocation="https://maven.apache.org/surefire/maven-surefire-plugin/xsd/surefire-test-report-3.0.xsd" version="3.0" name="policiesapi" time="9.925" tests="7" errors="0" skipped="0" failures="0">
  <properties>
[...]
</properties>
  <testcase name="healthCheck" classname="policiesapi" time="3.06">
    <system-out><![CDATA[Request method:	GET
Request URI:	https://dsbgchop191.standardbank.co.za/insurance/policies/internal/actuator/health
Proxy:			<none>
Request params:	<none>
Query params:	<none>
Form params:	<none>
Path params:	<none>
Headers:		Accept=*/*
				Content-Type=application/json
Cookies:		<none>
Multiparts:		<none>
Body:			<none>
HTTP/1.1 200 
x-content-type-options: nosniff
x-xss-protection: 1; mode=block
cache-control: no-cache, no-store, max-age=0, must-revalidate
pragma: no-cache
expires: 0
strict-transport-security: max-age=31536000 ; includeSubDomains
x-frame-options: DENY
content-type: application/vnd.spring-boot.actuator.v3+json
transfer-encoding: chunked
date: Fri, 21 Apr 2023 12:17:31 GMT

{
    "status": "UP"
}
]]></system-out>
  </testcase>
  <testcase name="NoAuthorisation" classname="policiesapi" time="0.315">
    <system-out><![CDATA[Request method:	GET
Request URI:	https://dsbgchop191.standardbank.co.za/insurance/policies/internal/customer/8502059137081/policies
Proxy:			<none>
Request params:	<none>
Query params:	<none>
Form params:	<none>
Path params:	<none>
Headers:		Accept=*/*
				Content-Type=text/html; charset=ISO-8859-1
Cookies:		<none>
Multiparts:		<none>
Body:			<none>
HTTP/1.1 401 
x-content-type-options: nosniff
x-xss-protection: 1; mode=block
cache-control: no-cache, no-store, max-age=0, must-revalidate
pragma: no-cache
expires: 0
strict-transport-security: max-age=31536000 ; includeSubDomains
x-frame-options: DENY
content-length: 0
date: Fri, 21 Apr 2023 12:17:32 GMT
]]></system-out>
  </testcase>
  <testcase name="login[org.testng.TestRunner@1a6f2363](1)" classname="policiesapi" time="1.015">
    <system-out><![CDATA[HTTP/1.1 302 Found
Date: Fri, 21 Apr 2023 12:17:33 GMT
X-Frame-Options: SAMEORIGIN
Referrer-Policy: same-origin
Strict-Transport-Security: max-age=31536000
Cache-Control: no-cache, no-store
Pragma: no-cache
Expires: Thu, 01 Jan 1970 00:00:00 GMT
Content-Type: text/html;charset=utf-8
Set-Cookie: PF=aXdLr6NcdUvZIV79dS0GqcWEcQqyDaTImIgqxCKQZpeW; Path=/; Expires=Fri, 21-Apr-2023 12:27:33 GMT; Max-Age=600; Secure; HttpOnly; SameSite=None
Set-Cookie: pf-hfa-exp-pwd=; Path=/; Expires=Thu, 01-Jan-1970 00:00:00 GMT; Max-Age=0; Secure; HttpOnly; SameSite=None
Set-Cookie: pf-hfa-SBSAEnterpriseHtmlAdapter-rmu=; Path=/; Expires=Thu, 01-Jan-1970 00:00:00 GMT; Max-Age=0; Secure; HttpOnly; SameSite=None
Location: sbg.login:/oauth2redirect?code=jY6wodU7lCFpeLO0DWczjJXb2XChK-rX3PsAAAAC
Content-Length: 0
code: htYcmfpnE8suYPNu3ZmH7wq_uhMz2-8BywQAAAAC
]]></system-out>
  </testcase>
  <testcase name="tokenrequest[org.testng.TestRunner@1a6f2363](1)" classname="policiesapi" time="1.467">
    <system-out><![CDATA[{
    "access_token": "eyJhbGciOiJSUzI1NiIsImtpZCI6ImRpZC0yIiwicGkuYXRtIjoiOGlraSJ9.eyJzY3AiOlsic2VjdXJpdHljb250ZXh0c3RvcmUuKi4qIiwicHJvZmlsZS4qLioiLCJvcGVuaWQiLCJ0cnVzdC4qLioiLCJwcm9maWxlIiwiYXV0aGVudGljYXRpb24uKi4qIiwic3RlcHVwLiouKiIsImJvdGd1YXJkLiouKiIsImlkZW50aWZpY2F0aW9uLiouKiIsImluc3VyYW5jZS1kb21haW4uKi4qIiwic2VjdXJpdHlpZHZvcmNoZXN0cmF0aW9uLiouKiIsInBsYXRmb3JtZ2F0ZXdheS4qLioiLCJpbnN1cmFuY2UtZ2F0ZXdheS4qLioiLCJwbGF0Zm9ybW1zZ2F0ZXdheS4qLioiLCJ1cm46cGluZ2lkZW50aXR5OmRpcmVjdG9yeS1hcGkiLCJjb21tdW5pdHkuKi4qIl0sImNsaWVudF9pZCI6IjM3OTliM2I4LTRlNzQtMTFlYS1iYzg3LWI4OGE2MGRjYjY3NiIsImlzcyI6Imh0dHBzOi8vZW50ZXJwcmlzZXN0c3NpdC5zdGFuZGFyZGJhbmsuY28uemEiLCJqdGkiOiJyenJTeG83VVZOSXMyZHFkNjNqTXNlIiwic3ViIjoiaW5zdXJhbmNldXNlckBnLmNvbSIsImRpZ2ltZSI6ZmFsc2UsIm5iZiI6MTY4MjA3OTQ1MywiYW1yIjoicHdkIiwiaWQiOiJjODZlMmRjNC0xNTE2LTRhN2EtYWM2Zi0xYjUxZWQ4NjQ4MDEiLCJpYXQiOjE2ODIwNzk0NTMsImV4cCI6MTY4MjA3OTc1M30.Hewlog3nZRdwn8D_Z4nnvYKgDNYY0CTeO2hyhQlHIpeABfocUkgMNspGkg8L1hUGgdKzfylYRIOcLIZIBiVpCP3ZhmWE6VlzeVI4BzU9Eu0562_mpcYg5j10OWVHrYQkJscGaN6nsENjnK_KXCnLb0TC0D8Pml9OoZ_tMJH5wYDLqx0fBCdZs0_lj7-BDNTJsY2XrET5r8n-7eBbisUk_RDNEJzJF87WEjsamjEtCF8oaWXwgKMxF-pZTEMQM9VPOPMKgZOMQMjVfc6ee2-AkUDZ18c7bHROTAzXF559og9oLCq01Qde008UHxZPBG99eFQon5htshbAP4TpGIjPkg",
    "refresh_token": "hIZP0qG2s2fYUPxSMihUofjG0WWolyjtk43xMl16TD",
    "id_token": "eyJhbGciOiJSUzI1NiIsImtpZCI6IkE3VV9BNlBwZW1lVi0yYy1CdlFnR3ZhQjV0SSJ9.eyJzdWIiOiJpbnN1cmFuY2V1c2VyQGcuY29tIiwiYXVkIjoiMzc5OWIzYjgtNGU3NC0xMWVhLWJjODctYjg4YTYwZGNiNjc2IiwianRpIjoiMGlaWFI5cGdkZG9zWWV1Y2NHMlFlZiIsImlzcyI6Imh0dHBzOi8vZW50ZXJwcmlzZXN0c3NpdC5zdGFuZGFyZGJhbmsuY28uemEiLCJpYXQiOjE2ODIwNzk0NTIsImV4cCI6MTY4MjA4MDM1MiwiYW1yIjpbInB3ZCJdLCJhdXRoX3RpbWUiOjE2ODIwNzk0NTIsImlkIjoiYzg2ZTJkYzQtMTUxNi00YTdhLWFjNmYtMWI1MWVkODY0ODAxIiwic2JnX2RpIjoiMjMxNzIxMCIsInBpLnNyaSI6IlZuNWZxQWxqNXI3Ym5PMVlxZ0kwTWt1dVNGby4uUW43YyJ9.Jh5psr1Cd9cvjXxxmxYtx7eHEeOkU_zbbKYUZbVwCaSrFUdvAUSiYdyOsNcKNGSqxqRman8eIeDQP7mOrV11pOz3LE1M-xo5Y_NGZgkOtgWXsjv9sSAAfaWuM_3Y2eGH8WAt-9EbA35I3e9-weRe-36LCpJgvBljb7WdBSM1kx4ILVGcO_yKs6Qm21rRthEloa62YJLEDGhicXm6H11sSAZca3QE6bz46jitjnVqTuHdP-X7MFBp4GdcjJLHMCZIo-S_1ag93Xs8kG3zHdqzVdC4W4uDYX3xBioQ3Tw9GjHuUMzTlmQ3i5Q4hVUceuP7Wa9iIOVhEpmFmB3oR7xhsg",
    "token_type": "Bearer",
    "expires_in": 299
}
]]></system-out>
  </testcase>
  <testcase name="CustomerNoPolicies[org.testng.TestRunner@1a6f2363](1)" classname="policiesapi" time="1.524">
    <system-out><![CDATA[HTTP/1.1 404 
message: No policies were found for the customer
x-content-type-options: nosniff
x-xss-protection: 1; mode=block
cache-control: no-cache, no-store, max-age=0, must-revalidate
pragma: no-cache
expires: 0
strict-transport-security: max-age=31536000 ; includeSubDomains
x-frame-options: DENY
content-length: 0
date: Fri, 21 Apr 2023 12:17:36 GMT
]]></system-out>
  </testcase>
  <testcase name="CustomerWithPoliciesinMaven[org.testng.TestRunner@1a6f2363](1)" classname="policiesapi" time="0.942">
    <system-out><![CDATA[HTTP/1.1 200 
message: Customer has policies
x-content-type-options: nosniff
x-xss-protection: 1; mode=block
cache-control: no-cache, no-store, max-age=0, must-revalidate
pragma: no-cache
expires: 0
strict-transport-security: max-age=31536000 ; includeSubDomains
x-frame-options: DENY
content-length: 0
date: Fri, 21 Apr 2023 12:17:37 GMT
]]></system-out>
  </testcase>
  <testcase name="Passport[org.testng.TestRunner@1a6f2363](1)" classname="policiesapi" time="0.801">
    <system-out><![CDATA[HTTP/1.1 500 
x-content-type-options: nosniff
x-xss-protection: 1; mode=block
cache-control: no-cache, no-store, max-age=0, must-revalidate
pragma: no-cache
expires: 0
strict-transport-security: max-age=31536000 ; includeSubDomains
x-frame-options: DENY
content-type: application/json
transfer-encoding: chunked
date: Fri, 21 Apr 2023 12:17:38 GMT

{
    "timestamp": "2023-04-21T12:17:38.080+00:00",
    "status": 500,
    "error": "Internal Server Error",
    "path": "/insurance/policies/internal/customer/qwertyu123456/policies"
}
]]></system-out>
  </testcase>
</testsuite>